<?xml version="1.0" encoding="UTF-8"?>
<!-- Generated by org.testng.reporters.JUnitReportReporter -->
<testsuite hostname="IN-4DJ9WP3" failures="0" tests="1" name="Utilities.ReadXLSdata" time="0.541" errors="0" timestamp="02 Feb 2023 17:34:33 GMT" skipped="0">
  <testcase classname="Utilities.ReadXLSdata" name="readExcel" time="0.541"/>
</testsuite> <!-- Utilities.ReadXLSdata -->
