<?xml version="1.0" encoding="UTF-8"?>
<!-- Generated by org.testng.reporters.JUnitReportReporter -->
<testsuite hostname="IN-4DJ9WP3" failures="0" tests="1" name="RunnerAndroid.Runner" time="19.740" errors="0" timestamp="03 Feb 2023 20:36:51 GMT" skipped="0">
  <testcase classname="RunnerAndroid.Runner" name="feature" time="19.740"/>
</testsuite> <!-- RunnerAndroid.Runner -->
