<?xml version="1.0" encoding="UTF-8"?>
<!-- Generated by org.testng.reporters.JUnitReportReporter -->
<testsuite hostname="IN-4DJ9WP3" failures="0" tests="5" name="RunnerAndroid.TestRunner" time="141.145" errors="0" timestamp="04 Feb 2023 18:07:49 GMT" skipped="0">
  <testcase classname="RunnerAndroid.TestRunner" name="feature" time="44.721"/>
  <testcase classname="RunnerAndroid.TestRunner" name="feature" time="33.608"/>
  <testcase classname="RunnerAndroid.TestRunner" name="feature" time="22.656"/>
  <testcase classname="RunnerAndroid.TestRunner" name="feature" time="19.476"/>
  <testcase classname="RunnerAndroid.TestRunner" name="feature" time="20.684"/>
</testsuite> <!-- RunnerAndroid.TestRunner -->
